<?xml version="1.0" encoding="UTF-8"?>
<testng-results skipped="0" failed="0" ignored="0" total="1" passed="1">
  <reporter-output>
  </reporter-output>
  <suite name="Default suite" duration-ms="2505" started-at="2022-12-11T11:06:32 EST" finished-at="2022-12-11T11:06:35 EST">
    <groups>
    </groups>
    <test name="Default test" duration-ms="2505" started-at="2022-12-11T11:06:32 EST" finished-at="2022-12-11T11:06:35 EST">
      <class name="api.testscripts.GetPassengerTest">
        <test-method status="PASS" signature="init()[pri:0, instance:api.testscripts.GetPassengerTest@2173f6d9]" name="init" is-config="true" duration-ms="8" started-at="2022-12-11T11:06:32 EST" finished-at="2022-12-11T11:06:32 EST">
          <reporter-output>
          </reporter-output>
        </test-method> <!-- init -->
        <test-method status="PASS" signature="testGetPassenger()[pri:0, instance:api.testscripts.GetPassengerTest@2173f6d9]" name="testGetPassenger" duration-ms="2462" started-at="2022-12-11T11:06:32 EST" finished-at="2022-12-11T11:06:35 EST">
          <reporter-output>
          </reporter-output>
        </test-method> <!-- testGetPassenger -->
      </class> <!-- api.testscripts.GetPassengerTest -->
    </test> <!-- Default test -->
  </suite> <!-- Default suite -->
</testng-results>
